<?xml version="1.0" encoding="UTF-8"?>
<!-- Generated by org.testng.reporters.JUnitXMLReporter -->
<testsuite ignored="0" hostname="VABD010627" failures="0" tests="5" name="Default test" time="7.225" errors="0" timestamp="2022-02-14T12:17:02 IST">
  <testcase classname="APITesting.FirstApi" name="getResponseBody" time="6.778"/>
  <testcase classname="APITesting.FirstApi" name="getResponseContentType" time="0.105"/>
  <testcase classname="APITesting.FirstApi" name="getResponseHeaders" time="0.057"/>
  <testcase classname="APITesting.FirstApi" name="getResponseTime" time="0.063"/>
  <testcase classname="APITesting.FirstApi" name="getStatuscode" time="0.112"/>
</testsuite> <!-- Default test -->
